<?xml version="1.0" encoding="UTF-8"?>
<testng-results skipped="0" failed="0" ignored="0" total="1" passed="1">
  <reporter-output>
  </reporter-output>
  <suite name="Default suite" duration-ms="20011" started-at="2017-11-05T05:01:46Z" finished-at="2017-11-05T05:02:06Z">
    <groups>
    </groups>
    <test name="Default test" duration-ms="20011" started-at="2017-11-05T05:01:46Z" finished-at="2017-11-05T05:02:06Z">
      <class name="TestCases.VerifyHomePage">
        <test-method status="PASS" signature="setup()[pri:0, instance:TestCases.VerifyHomePage@523884b2]" name="setup" is-config="true" duration-ms="18940" started-at="2017-11-05T05:01:46Z" finished-at="2017-11-05T05:02:05Z">
          <reporter-output>
          </reporter-output>
        </test-method> <!-- setup -->
        <test-method status="PASS" signature="testHomePage()[pri:0, instance:TestCases.VerifyHomePage@523884b2]" name="testHomePage" duration-ms="50" started-at="2017-11-05T05:02:05Z" finished-at="2017-11-05T05:02:05Z">
          <reporter-output>
          </reporter-output>
        </test-method> <!-- testHomePage -->
        <test-method status="PASS" signature="tearDown()[pri:0, instance:TestCases.VerifyHomePage@523884b2]" name="tearDown" is-config="true" duration-ms="989" started-at="2017-11-05T05:02:05Z" finished-at="2017-11-05T05:02:06Z">
          <reporter-output>
          </reporter-output>
        </test-method> <!-- tearDown -->
      </class> <!-- TestCases.VerifyHomePage -->
    </test> <!-- Default test -->
  </suite> <!-- Default suite -->
</testng-results>
